20230130	19:30:42	ec581a19-fcc6-4abd-b84e-f340bb50d72f	POST	/users	undefined
20230130	19:31:03	6b653015-eb58-4f98-b088-6e3103619b0d	GET	/users	undefined
20230130	19:32:51	02ea456d-4ca7-421b-a2e8-16b98d31ca89	POST	/users	undefined
20230130	19:33:31	876960e9-c7cc-4240-895f-44b28e936695	POST	/users	undefined
20230130	19:35:23	c3da40e9-4114-4c93-9fae-6cdc93ba176c	PATCH	/users	undefined
20230130	19:35:51	f98f0563-3185-4ed2-8b70-2c3ddf193122	PATCH	/users	undefined
20230130	19:37:13	96b7dd3b-62fe-41d3-9e28-4369332c42aa	PATCH	/users	undefined
20230130	19:37:23	60460bd9-851d-4680-a674-44fc3da0a081	POST	/users	undefined
20230130	19:37:33	3b4100de-5d8a-4794-988b-c5e2105c50eb	DELETE	/users	undefined
20230130	19:39:03	c81b3dcb-a9b3-4134-bf09-ba94caa95527	DELETE	/users	undefined
20230130	19:40:29	08df85aa-b880-4e4f-9c40-9c1442f909cd	GET	/users	undefined
20230130	22:22:28	83729ff9-a073-41e2-89c8-fb5a7054a7bd	GET	/users	undefined
20230130	22:24:23	ab4b13ec-ab54-47fa-9008-03b520028c06	POST	/auth	undefined
20230130	22:25:55	5213a5a8-cdb0-44d2-9a67-14d07cccedc2	GET	/refresh	undefined
20230130	22:26:10	115be03c-93e8-41d3-8864-77e6e0e20b13	GET	/auth/refresh	undefined
20230130	22:26:33	581f0ba8-2d95-4f45-94b6-fe017b87f676	GET	/auth/refresh	undefined
20230130	22:42:50	de0e611a-a536-4d24-b62b-fc2db7efdaae	OPTIONS	/auth	http://localhost:3000
20230130	22:42:50	9ef8edd9-50c5-45eb-a7f1-d188a0c52992	POST	/auth	http://localhost:3000
20230130	22:42:51	1dcd8a9a-0c34-46b1-a6b6-e3ae2e1e697d	GET	/notes	http://localhost:3000
20230130	22:42:51	440f6403-a19b-49de-ab00-2806b51b38b1	GET	/users	http://localhost:3000
20230130	22:43:22	194e0641-a9a7-45e1-a31f-9971fa6a1a82	GET	/users	http://localhost:3000
20230130	22:43:41	1248f851-8cce-484c-b33b-a52e0b62dfe4	GET	/notes	http://localhost:3000
20230130	22:43:41	6d56cf93-361e-4803-b368-3d2b6aebeb98	GET	/users	http://localhost:3000
20230130	22:45:58	7e8de2df-fd76-4b1e-9a6b-de4743d11b61	GET	/users	http://localhost:3000
20230130	22:46:34	8c894c90-dbb1-4a0d-baac-7928c7537ba3	POST	/auth/logout	http://localhost:3000
20230130	22:46:46	e14203c3-aa21-429f-b7f1-1ad939aa42c0	OPTIONS	/auth	http://localhost:3000
20230130	22:46:46	5d239dbf-bf2a-45d3-9cd0-63ec3ee428d8	POST	/auth	http://localhost:3000
20230130	22:46:46	a126027a-67ab-478f-8fb0-3323ec8a2b3f	GET	/notes	http://localhost:3000
20230130	22:46:46	1a6a8832-7cbc-4c1e-9e82-ce4128c5b271	GET	/users	http://localhost:3000
20230130	22:46:56	7a7de2f0-44e9-48ce-a1f4-080591fe2eff	GET	/users	http://localhost:3000
20230130	22:47:00	e292881d-f40a-49d3-b6b4-705d6a2e9611	GET	/notes	http://localhost:3000
20230130	22:47:11	e06c3eee-c0ac-4409-9a97-975b14bfd986	POST	/auth/logout	http://localhost:3000
